########### array before sorts ###########
0	-10.160000	-30.480000	83.800000	-30.480000	n
1	83.800000	-30.480000	83.800000	68.250000	n
2	83.800000	68.250000	-10.160000	68.250000	n
3	-10.160000	68.250000	-10.160000	-30.480000	n
Tolerance=0.050000.
*Exact match for i=0 and j=1.
*i point -10.160000	-30.480000	83.800000	-30.480000	y
*Exact match for i=1 and j=2.
*i point 83.800000	-30.480000	83.800000	68.250000	y
*Exact match for i=2 and j=3.
*i point 83.800000	68.250000	-10.160000	68.250000	y
########### array after sorts ###########
0	-10.160000	-30.480000	83.800000	-30.480000	y
1	83.800000	-30.480000	83.800000	68.250000	y
2	83.800000	68.250000	-10.160000	68.250000	y
3	-10.160000	68.250000	-10.160000	-30.480000	y
***************
.BOARD_OUTLINE UNOWNED
1.6
0     -10.160000     -30.480000     0
0     83.800000     -30.480000     0
0     83.800000     68.250000     0
0     -10.160000     68.250000     0
0     -10.160000     -30.480000     0
